<?xml version="1.0" encoding="UTF-8"?>
<!-- Generated by org.testng.reporters.JUnitXMLReporter -->
<testsuite ignored="12" hostname="LAPTOP-T5I20ICV" failures="0" tests="4" name="Test" time="51.811" errors="0" timestamp="2022-09-16T12:33:17 IST">
  <testcase classname="Org.GenericUtility.Base_Class" name="@BeforeMethod Testcase5" time="10.433">
    <failure type="org.openqa.selenium.WebDriverException" message="unknown error: net::ERR_NAME_NOT_RESOLVED
  (Session info: chrome=105.0.5195.126)
Build info: version: &amp;apos;4.4.0&amp;apos;, revision: &amp;apos;e5c75ed026a&amp;apos;
System info: host: &amp;apos;LAPTOP-T5I20ICV&amp;apos;, ip: &amp;apos;192.168.10.145&amp;apos;, os.name: &amp;apos;Windows 11&amp;apos;, os.arch: &amp;apos;amd64&amp;apos;, os.version: &amp;apos;10.0&amp;apos;, java.version: &amp;apos;17.0.3&amp;apos;
Driver info: org.openqa.selenium.chrome.ChromeDriver
Command: [c20743ddda7c488715e7f641ee04db1b, get {url=http://rmgtestingserver/domain/Online_Banking_System/}]
Capabilities {acceptInsecureCerts: false, browserName: chrome, browserVersion: 105.0.5195.126, chrome: {chromedriverVersion: 105.0.5195.52 (412c95e51883..., userDataDir: C:\Users\Shinde\AppData\Loc...}, goog:chromeOptions: {debuggerAddress: localhost:53480}, networkConnectionEnabled: false, pageLoadStrategy: normal, platformName: WINDOWS, proxy: Proxy(), se:cdp: ws://localhost:53480/devtoo..., se:cdpVersion: 105.0.5195.126, setWindowRect: true, strictFileInteractability: false, timeouts: {implicit: 0, pageLoad: 300000, script: 30000}, unhandledPromptBehavior: dismiss and notify, webauthn:extension:credBlob: true, webauthn:extension:largeBlob: true, webauthn:virtualAuthenticators: true}
Session ID: c20743ddda7c488715e7f641ee04db1b">
      <![CDATA[org.openqa.selenium.WebDriverException: unknown error: net::ERR_NAME_NOT_RESOLVED
  (Session info: chrome=105.0.5195.126)
Build info: version: '4.4.0', revision: 'e5c75ed026a'
System info: host: 'LAPTOP-T5I20ICV', ip: '192.168.10.145', os.name: 'Windows 11', os.arch: 'amd64', os.version: '10.0', java.version: '17.0.3'
Driver info: org.openqa.selenium.chrome.ChromeDriver
Command: [c20743ddda7c488715e7f641ee04db1b, get {url=http://rmgtestingserver/domain/Online_Banking_System/}]
Capabilities {acceptInsecureCerts: false, browserName: chrome, browserVersion: 105.0.5195.126, chrome: {chromedriverVersion: 105.0.5195.52 (412c95e51883..., userDataDir: C:\Users\Shinde\AppData\Loc...}, goog:chromeOptions: {debuggerAddress: localhost:53480}, networkConnectionEnabled: false, pageLoadStrategy: normal, platformName: WINDOWS, proxy: Proxy(), se:cdp: ws://localhost:53480/devtoo..., se:cdpVersion: 105.0.5195.126, setWindowRect: true, strictFileInteractability: false, timeouts: {implicit: 0, pageLoad: 300000, script: 30000}, unhandledPromptBehavior: dismiss and notify, webauthn:extension:credBlob: true, webauthn:extension:largeBlob: true, webauthn:virtualAuthenticators: true}
Session ID: c20743ddda7c488715e7f641ee04db1b
at org.openqa.selenium.remote.codec.w3c.W3CHttpResponseCodec.createException(W3CHttpResponseCodec.java:200)
at org.openqa.selenium.remote.codec.w3c.W3CHttpResponseCodec.decode(W3CHttpResponseCodec.java:133)
at org.openqa.selenium.remote.codec.w3c.W3CHttpResponseCodec.decode(W3CHttpResponseCodec.java:53)
at org.openqa.selenium.remote.HttpCommandExecutor.execute(HttpCommandExecutor.java:184)
at org.openqa.selenium.remote.service.DriverCommandExecutor.invokeExecute(DriverCommandExecutor.java:167)
at org.openqa.selenium.remote.service.DriverCommandExecutor.execute(DriverCommandExecutor.java:142)
at org.openqa.selenium.remote.RemoteWebDriver.execute(RemoteWebDriver.java:547)
at org.openqa.selenium.remote.RemoteWebDriver.get(RemoteWebDriver.java:310)
at Org.GenericUtility.WebDriverUtility.launchUrl(WebDriverUtility.java:75)
at Org.GenericUtility.WebDriverUtility.openAndLaunchBrowser(WebDriverUtility.java:89)
at Org.GenericUtility.Base_Class.Testcase5(Base_Class.java:88)
at java.base/java.util.ArrayList.forEach(ArrayList.java:1511)
... Removed 36 stack frames]]>
    </failure>
  </testcase> <!-- @BeforeMethod Testcase5 -->
  <testcase classname="Org.GenericUtility.Base_Class" name="@AfterMethod Testcase7" time="-1.663311758352E9">
    <skipped/>
  </testcase> <!-- @AfterMethod Testcase7 -->
  <testcase classname="Org.GenericUtility.Base_Class" name="@AfterClass Testcase9" time="-1.663311758352E9">
    <skipped/>
  </testcase> <!-- @AfterClass Testcase9 -->
  <testcase classname="Org.GenericUtility.Base_Class" name="@BeforeMethod Testcase5" time="10.237">
    <failure type="org.openqa.selenium.WebDriverException" message="unknown error: net::ERR_NAME_NOT_RESOLVED
  (Session info: chrome=105.0.5195.126)
Build info: version: &amp;apos;4.4.0&amp;apos;, revision: &amp;apos;e5c75ed026a&amp;apos;
System info: host: &amp;apos;LAPTOP-T5I20ICV&amp;apos;, ip: &amp;apos;192.168.10.145&amp;apos;, os.name: &amp;apos;Windows 11&amp;apos;, os.arch: &amp;apos;amd64&amp;apos;, os.version: &amp;apos;10.0&amp;apos;, java.version: &amp;apos;17.0.3&amp;apos;
Driver info: org.openqa.selenium.chrome.ChromeDriver
Command: [ef5dc780be3f2b6bf4a8d5ac0b102e03, get {url=http://rmgtestingserver/domain/Online_Banking_System/}]
Capabilities {acceptInsecureCerts: false, browserName: chrome, browserVersion: 105.0.5195.126, chrome: {chromedriverVersion: 105.0.5195.52 (412c95e51883..., userDataDir: C:\Users\Shinde\AppData\Loc...}, goog:chromeOptions: {debuggerAddress: localhost:53501}, networkConnectionEnabled: false, pageLoadStrategy: normal, platformName: WINDOWS, proxy: Proxy(), se:cdp: ws://localhost:53501/devtoo..., se:cdpVersion: 105.0.5195.126, setWindowRect: true, strictFileInteractability: false, timeouts: {implicit: 0, pageLoad: 300000, script: 30000}, unhandledPromptBehavior: dismiss and notify, webauthn:extension:credBlob: true, webauthn:extension:largeBlob: true, webauthn:virtualAuthenticators: true}
Session ID: ef5dc780be3f2b6bf4a8d5ac0b102e03">
      <![CDATA[org.openqa.selenium.WebDriverException: unknown error: net::ERR_NAME_NOT_RESOLVED
  (Session info: chrome=105.0.5195.126)
Build info: version: '4.4.0', revision: 'e5c75ed026a'
System info: host: 'LAPTOP-T5I20ICV', ip: '192.168.10.145', os.name: 'Windows 11', os.arch: 'amd64', os.version: '10.0', java.version: '17.0.3'
Driver info: org.openqa.selenium.chrome.ChromeDriver
Command: [ef5dc780be3f2b6bf4a8d5ac0b102e03, get {url=http://rmgtestingserver/domain/Online_Banking_System/}]
Capabilities {acceptInsecureCerts: false, browserName: chrome, browserVersion: 105.0.5195.126, chrome: {chromedriverVersion: 105.0.5195.52 (412c95e51883..., userDataDir: C:\Users\Shinde\AppData\Loc...}, goog:chromeOptions: {debuggerAddress: localhost:53501}, networkConnectionEnabled: false, pageLoadStrategy: normal, platformName: WINDOWS, proxy: Proxy(), se:cdp: ws://localhost:53501/devtoo..., se:cdpVersion: 105.0.5195.126, setWindowRect: true, strictFileInteractability: false, timeouts: {implicit: 0, pageLoad: 300000, script: 30000}, unhandledPromptBehavior: dismiss and notify, webauthn:extension:credBlob: true, webauthn:extension:largeBlob: true, webauthn:virtualAuthenticators: true}
Session ID: ef5dc780be3f2b6bf4a8d5ac0b102e03
at org.openqa.selenium.remote.codec.w3c.W3CHttpResponseCodec.createException(W3CHttpResponseCodec.java:200)
at org.openqa.selenium.remote.codec.w3c.W3CHttpResponseCodec.decode(W3CHttpResponseCodec.java:133)
at org.openqa.selenium.remote.codec.w3c.W3CHttpResponseCodec.decode(W3CHttpResponseCodec.java:53)
at org.openqa.selenium.remote.HttpCommandExecutor.execute(HttpCommandExecutor.java:184)
at org.openqa.selenium.remote.service.DriverCommandExecutor.invokeExecute(DriverCommandExecutor.java:167)
at org.openqa.selenium.remote.service.DriverCommandExecutor.execute(DriverCommandExecutor.java:142)
at org.openqa.selenium.remote.RemoteWebDriver.execute(RemoteWebDriver.java:547)
at org.openqa.selenium.remote.RemoteWebDriver.get(RemoteWebDriver.java:310)
at Org.GenericUtility.WebDriverUtility.launchUrl(WebDriverUtility.java:75)
at Org.GenericUtility.WebDriverUtility.openAndLaunchBrowser(WebDriverUtility.java:89)
at Org.GenericUtility.Base_Class.Testcase5(Base_Class.java:88)
at java.base/java.util.ArrayList.forEach(ArrayList.java:1511)
... Removed 36 stack frames]]>
    </failure>
  </testcase> <!-- @BeforeMethod Testcase5 -->
  <testcase classname="Org.GenericUtility.Base_Class" name="@AfterMethod Testcase7" time="-1.663311768831E9">
    <skipped/>
  </testcase> <!-- @AfterMethod Testcase7 -->
  <testcase classname="Org.GenericUtility.Base_Class" name="@AfterClass Testcase9" time="-1.663311768832E9">
    <skipped/>
  </testcase> <!-- @AfterClass Testcase9 -->
  <testcase classname="Org.GenericUtility.Base_Class" name="@BeforeMethod Testcase5" time="13.766">
    <failure type="org.openqa.selenium.WebDriverException" message="unknown error: net::ERR_NAME_NOT_RESOLVED
  (Session info: chrome=105.0.5195.126)
Build info: version: &amp;apos;4.4.0&amp;apos;, revision: &amp;apos;e5c75ed026a&amp;apos;
System info: host: &amp;apos;LAPTOP-T5I20ICV&amp;apos;, ip: &amp;apos;192.168.10.145&amp;apos;, os.name: &amp;apos;Windows 11&amp;apos;, os.arch: &amp;apos;amd64&amp;apos;, os.version: &amp;apos;10.0&amp;apos;, java.version: &amp;apos;17.0.3&amp;apos;
Driver info: org.openqa.selenium.chrome.ChromeDriver
Command: [6af6d816adde54636b65375ad159d3dc, get {url=http://rmgtestingserver/domain/Online_Banking_System/}]
Capabilities {acceptInsecureCerts: false, browserName: chrome, browserVersion: 105.0.5195.126, chrome: {chromedriverVersion: 105.0.5195.52 (412c95e51883..., userDataDir: C:\Users\Shinde\AppData\Loc...}, goog:chromeOptions: {debuggerAddress: localhost:53519}, networkConnectionEnabled: false, pageLoadStrategy: normal, platformName: WINDOWS, proxy: Proxy(), se:cdp: ws://localhost:53519/devtoo..., se:cdpVersion: 105.0.5195.126, setWindowRect: true, strictFileInteractability: false, timeouts: {implicit: 0, pageLoad: 300000, script: 30000}, unhandledPromptBehavior: dismiss and notify, webauthn:extension:credBlob: true, webauthn:extension:largeBlob: true, webauthn:virtualAuthenticators: true}
Session ID: 6af6d816adde54636b65375ad159d3dc">
      <![CDATA[org.openqa.selenium.WebDriverException: unknown error: net::ERR_NAME_NOT_RESOLVED
  (Session info: chrome=105.0.5195.126)
Build info: version: '4.4.0', revision: 'e5c75ed026a'
System info: host: 'LAPTOP-T5I20ICV', ip: '192.168.10.145', os.name: 'Windows 11', os.arch: 'amd64', os.version: '10.0', java.version: '17.0.3'
Driver info: org.openqa.selenium.chrome.ChromeDriver
Command: [6af6d816adde54636b65375ad159d3dc, get {url=http://rmgtestingserver/domain/Online_Banking_System/}]
Capabilities {acceptInsecureCerts: false, browserName: chrome, browserVersion: 105.0.5195.126, chrome: {chromedriverVersion: 105.0.5195.52 (412c95e51883..., userDataDir: C:\Users\Shinde\AppData\Loc...}, goog:chromeOptions: {debuggerAddress: localhost:53519}, networkConnectionEnabled: false, pageLoadStrategy: normal, platformName: WINDOWS, proxy: Proxy(), se:cdp: ws://localhost:53519/devtoo..., se:cdpVersion: 105.0.5195.126, setWindowRect: true, strictFileInteractability: false, timeouts: {implicit: 0, pageLoad: 300000, script: 30000}, unhandledPromptBehavior: dismiss and notify, webauthn:extension:credBlob: true, webauthn:extension:largeBlob: true, webauthn:virtualAuthenticators: true}
Session ID: 6af6d816adde54636b65375ad159d3dc
at org.openqa.selenium.remote.codec.w3c.W3CHttpResponseCodec.createException(W3CHttpResponseCodec.java:200)
at org.openqa.selenium.remote.codec.w3c.W3CHttpResponseCodec.decode(W3CHttpResponseCodec.java:133)
at org.openqa.selenium.remote.codec.w3c.W3CHttpResponseCodec.decode(W3CHttpResponseCodec.java:53)
at org.openqa.selenium.remote.HttpCommandExecutor.execute(HttpCommandExecutor.java:184)
at org.openqa.selenium.remote.service.DriverCommandExecutor.invokeExecute(DriverCommandExecutor.java:167)
at org.openqa.selenium.remote.service.DriverCommandExecutor.execute(DriverCommandExecutor.java:142)
at org.openqa.selenium.remote.RemoteWebDriver.execute(RemoteWebDriver.java:547)
at org.openqa.selenium.remote.RemoteWebDriver.get(RemoteWebDriver.java:310)
at Org.GenericUtility.WebDriverUtility.launchUrl(WebDriverUtility.java:75)
at Org.GenericUtility.WebDriverUtility.openAndLaunchBrowser(WebDriverUtility.java:89)
at Org.GenericUtility.Base_Class.Testcase5(Base_Class.java:88)
at java.base/java.util.ArrayList.forEach(ArrayList.java:1511)
... Removed 36 stack frames]]>
    </failure>
  </testcase> <!-- @BeforeMethod Testcase5 -->
  <testcase classname="Org.GenericUtility.Base_Class" name="@AfterMethod Testcase7" time="-1.663311782756E9">
    <skipped/>
  </testcase> <!-- @AfterMethod Testcase7 -->
  <testcase classname="Org.GenericUtility.Base_Class" name="@AfterClass Testcase9" time="-1.663311782757E9">
    <skipped/>
  </testcase> <!-- @AfterClass Testcase9 -->
  <testcase classname="Org.GenericUtility.Base_Class" name="@BeforeMethod Testcase5" time="14.845">
    <failure type="org.openqa.selenium.WebDriverException" message="unknown error: net::ERR_NAME_NOT_RESOLVED
  (Session info: chrome=105.0.5195.126)
Build info: version: &amp;apos;4.4.0&amp;apos;, revision: &amp;apos;e5c75ed026a&amp;apos;
System info: host: &amp;apos;LAPTOP-T5I20ICV&amp;apos;, ip: &amp;apos;192.168.10.145&amp;apos;, os.name: &amp;apos;Windows 11&amp;apos;, os.arch: &amp;apos;amd64&amp;apos;, os.version: &amp;apos;10.0&amp;apos;, java.version: &amp;apos;17.0.3&amp;apos;
Driver info: org.openqa.selenium.chrome.ChromeDriver
Command: [346f2c1e8eb4341a9958e526f242b81a, get {url=http://rmgtestingserver/domain/Online_Banking_System/}]
Capabilities {acceptInsecureCerts: false, browserName: chrome, browserVersion: 105.0.5195.126, chrome: {chromedriverVersion: 105.0.5195.52 (412c95e51883..., userDataDir: C:\Users\Shinde\AppData\Loc...}, goog:chromeOptions: {debuggerAddress: localhost:53538}, networkConnectionEnabled: false, pageLoadStrategy: normal, platformName: WINDOWS, proxy: Proxy(), se:cdp: ws://localhost:53538/devtoo..., se:cdpVersion: 105.0.5195.126, setWindowRect: true, strictFileInteractability: false, timeouts: {implicit: 0, pageLoad: 300000, script: 30000}, unhandledPromptBehavior: dismiss and notify, webauthn:extension:credBlob: true, webauthn:extension:largeBlob: true, webauthn:virtualAuthenticators: true}
Session ID: 346f2c1e8eb4341a9958e526f242b81a">
      <![CDATA[org.openqa.selenium.WebDriverException: unknown error: net::ERR_NAME_NOT_RESOLVED
  (Session info: chrome=105.0.5195.126)
Build info: version: '4.4.0', revision: 'e5c75ed026a'
System info: host: 'LAPTOP-T5I20ICV', ip: '192.168.10.145', os.name: 'Windows 11', os.arch: 'amd64', os.version: '10.0', java.version: '17.0.3'
Driver info: org.openqa.selenium.chrome.ChromeDriver
Command: [346f2c1e8eb4341a9958e526f242b81a, get {url=http://rmgtestingserver/domain/Online_Banking_System/}]
Capabilities {acceptInsecureCerts: false, browserName: chrome, browserVersion: 105.0.5195.126, chrome: {chromedriverVersion: 105.0.5195.52 (412c95e51883..., userDataDir: C:\Users\Shinde\AppData\Loc...}, goog:chromeOptions: {debuggerAddress: localhost:53538}, networkConnectionEnabled: false, pageLoadStrategy: normal, platformName: WINDOWS, proxy: Proxy(), se:cdp: ws://localhost:53538/devtoo..., se:cdpVersion: 105.0.5195.126, setWindowRect: true, strictFileInteractability: false, timeouts: {implicit: 0, pageLoad: 300000, script: 30000}, unhandledPromptBehavior: dismiss and notify, webauthn:extension:credBlob: true, webauthn:extension:largeBlob: true, webauthn:virtualAuthenticators: true}
Session ID: 346f2c1e8eb4341a9958e526f242b81a
at org.openqa.selenium.remote.codec.w3c.W3CHttpResponseCodec.createException(W3CHttpResponseCodec.java:200)
at org.openqa.selenium.remote.codec.w3c.W3CHttpResponseCodec.decode(W3CHttpResponseCodec.java:133)
at org.openqa.selenium.remote.codec.w3c.W3CHttpResponseCodec.decode(W3CHttpResponseCodec.java:53)
at org.openqa.selenium.remote.HttpCommandExecutor.execute(HttpCommandExecutor.java:184)
at org.openqa.selenium.remote.service.DriverCommandExecutor.invokeExecute(DriverCommandExecutor.java:167)
at org.openqa.selenium.remote.service.DriverCommandExecutor.execute(DriverCommandExecutor.java:142)
at org.openqa.selenium.remote.RemoteWebDriver.execute(RemoteWebDriver.java:547)
at org.openqa.selenium.remote.RemoteWebDriver.get(RemoteWebDriver.java:310)
at Org.GenericUtility.WebDriverUtility.launchUrl(WebDriverUtility.java:75)
at Org.GenericUtility.WebDriverUtility.openAndLaunchBrowser(WebDriverUtility.java:89)
at Org.GenericUtility.Base_Class.Testcase5(Base_Class.java:88)
at java.base/java.util.ArrayList.forEach(ArrayList.java:1511)
... Removed 36 stack frames]]>
    </failure>
  </testcase> <!-- @BeforeMethod Testcase5 -->
  <testcase classname="Org.GenericUtility.Base_Class" name="@AfterMethod Testcase7" time="-1.663311797814E9">
    <skipped/>
  </testcase> <!-- @AfterMethod Testcase7 -->
  <testcase classname="Org.GenericUtility.Base_Class" name="@AfterClass Testcase9" time="-1.663311797816E9">
    <skipped/>
  </testcase> <!-- @AfterClass Testcase9 -->
  <testcase classname="Org_Automation_Test_NG.DeleteCustomerTest" name="deleteCustomer" time="0.0">
    <skipped/>
  </testcase> <!-- deleteCustomer -->
  <testcase classname="Org_Automation_Test_NG.AccountOpeningTest" name="accountOpening" time="0.0">
    <skipped/>
  </testcase> <!-- accountOpening -->
  <testcase classname="Org_Automation_Test_NG.DebitCardTest" name="debitCard" time="0.0">
    <skipped/>
  </testcase> <!-- debitCard -->
  <testcase classname="Org_Automation_Test_NG.CreditCustomerTest" name="OpenAccountTest" time="0.0">
    <skipped/>
  </testcase> <!-- OpenAccountTest -->
  <testcase classname="Org.GenericUtility.Base_Class" name="@AfterSuite Testcase10" time="0.0">
    <ignored/>
  </testcase> <!-- @AfterSuite Testcase10 -->
  <testcase classname="Org.GenericUtility.Base_Class" name="@AfterSuite Testcase10" time="0.0">
    <ignored/>
  </testcase> <!-- @AfterSuite Testcase10 -->
  <testcase classname="Org.GenericUtility.Base_Class" name="@AfterSuite Testcase10" time="0.0">
    <ignored/>
  </testcase> <!-- @AfterSuite Testcase10 -->
  <testcase classname="Org.GenericUtility.Base_Class" name="@BeforeSuite Testcase1" time="0.0">
    <ignored/>
  </testcase> <!-- @BeforeSuite Testcase1 -->
  <testcase classname="Org.GenericUtility.Base_Class" name="@BeforeSuite Testcase1" time="0.0">
    <ignored/>
  </testcase> <!-- @BeforeSuite Testcase1 -->
  <testcase classname="Org.GenericUtility.Base_Class" name="@BeforeSuite Testcase1" time="0.0">
    <ignored/>
  </testcase> <!-- @BeforeSuite Testcase1 -->
  <testcase classname="Org.GenericUtility.Base_Class" name="@BeforeTest Testcase3" time="0.0">
    <ignored/>
  </testcase> <!-- @BeforeTest Testcase3 -->
  <testcase classname="Org.GenericUtility.Base_Class" name="@BeforeTest Testcase3" time="0.0">
    <ignored/>
  </testcase> <!-- @BeforeTest Testcase3 -->
  <testcase classname="Org.GenericUtility.Base_Class" name="@BeforeTest Testcase3" time="0.0">
    <ignored/>
  </testcase> <!-- @BeforeTest Testcase3 -->
  <testcase classname="Org.GenericUtility.Base_Class" name="@AfterTest Testcase8" time="0.0">
    <ignored/>
  </testcase> <!-- @AfterTest Testcase8 -->
  <testcase classname="Org.GenericUtility.Base_Class" name="@AfterTest Testcase8" time="0.0">
    <ignored/>
  </testcase> <!-- @AfterTest Testcase8 -->
  <testcase classname="Org.GenericUtility.Base_Class" name="@AfterTest Testcase8" time="0.0">
    <ignored/>
  </testcase> <!-- @AfterTest Testcase8 -->
</testsuite> <!-- Test -->
